g++ -Wall -Wextra -pedantic -Wno-conversion -Wcast-align -Wunused -Wshadow -Wpointer-arith -Og -c -I/projects/jnorhos/BSQ/eigen -I/projects/jnorhos/BSQ/splinter/include -g -std=c++11 main.cpp
In file included from /projects/jnorhos/BSQ/splinter/include/../../splinter/include/bspline.h:13:0,
                 from eos.h:3,
                 from particle.h:6,
                 from main.cpp:16:
/projects/jnorhos/BSQ/splinter/include/../../splinter/include/function.h: In constructor 'SPLINTER::Function::Function(unsigned int)':
/projects/jnorhos/BSQ/splinter/include/../../splinter/include/function.h:32:9: warning: declaration of 'numVariables' shadows a member of 'SPLINTER::Function' [-Wshadow]
         : numVariables(numVariables) {}
         ^
/projects/jnorhos/BSQ/splinter/include/../../splinter/include/function.h:101:18: note: shadowed declaration is here
     unsigned int numVariables; // Dimension of domain (size of x)
                  ^~~~~~~~~~~~
In file included from main.cpp:16:0:
particle.h: In member function 'void Particle<D>::frzcheck(double, int&, int)':
particle.h:169:56: warning: declaration of 'count' shadows a member of 'Particle<D>' [-Wshadow]
 void Particle<D>::frzcheck(double tin,int &count, int N)
                                                        ^
particle.h:70:9: note: shadowed declaration is here
     int count;
         ^~~~~
In file included from enteric.h:15:0,
                 from main.cpp:17:
LinkList.h: In member function 'int LinkList<D>::triToSum(Vector<int, D>, Vector<int, D>)':
LinkList.h:303:67: warning: declaration of 'size' shadows a member of 'LinkList<D>' [-Wshadow]
 int LinkList<D>::triToSum(Vector<int,D>  dael, Vector<int,D>  size)
                                                                   ^
LinkList.h:106:16: note: shadowed declaration is here
  Vector<int,D> size;
                ^~~~
LinkList.h:303:67: warning: declaration of 'dael' shadows a member of 'LinkList<D>' [-Wshadow]
 int LinkList<D>::triToSum(Vector<int,D>  dael, Vector<int,D>  size)
                                                                   ^
LinkList.h:108:17: note: shadowed declaration is here
  Vector<int,D> *dael;
                 ^~~~
In file included from enteric.h:15:0,
                 from main.cpp:17:
LinkList.h: In member function 'double LinkList<D>::eanal2(double, double, double)':
LinkList.h:2163:56: warning: declaration of 't' shadows a member of 'LinkList<D>' [-Wshadow]
 double LinkList<D>::eanal2(double t, double x, double y)
                                                        ^
In file included from enteric.h:15:0,
                 from main.cpp:17:
LinkList.h:75:9: note: shadowed declaration is here
  double t,dt;
         ^
In file included from enteric.h:15:0,
                 from main.cpp:17:
LinkList.h: In member function 'double LinkList<D>::g(double, double, double)':
LinkList.h:2172:51: warning: declaration of 't' shadows a member of 'LinkList<D>' [-Wshadow]
 double LinkList<D>::g(double t, double x, double y)
                                                   ^
In file included from enteric.h:15:0,
                 from main.cpp:17:
LinkList.h:75:9: note: shadowed declaration is here
  double t,dt;
         ^
In file included from enteric.h:15:0,
                 from main.cpp:17:
LinkList.h: In member function 'double LinkList<D>::ux(double, double, double)':
LinkList.h:2180:52: warning: declaration of 't' shadows a member of 'LinkList<D>' [-Wshadow]
 double LinkList<D>::ux(double t, double x, double y)
                                                    ^
In file included from enteric.h:15:0,
                 from main.cpp:17:
LinkList.h:75:9: note: shadowed declaration is here
  double t,dt;
         ^
In file included from enteric.h:15:0,
                 from main.cpp:17:
LinkList.h: In member function 'double LinkList<D>::uy(double, double, double)':
LinkList.h:2186:52: warning: declaration of 't' shadows a member of 'LinkList<D>' [-Wshadow]
 double LinkList<D>::uy(double t, double x, double y)
                                                    ^
In file included from enteric.h:15:0,
                 from main.cpp:17:
LinkList.h:75:9: note: shadowed declaration is here
  double t,dt;
         ^
In file included from enteric.h:15:0,
                 from main.cpp:17:
LinkList.h: In member function 'void LinkList<D>::qmflow()':
LinkList.h:2511:10: warning: declaration of 'E' shadows a member of 'LinkList<D>' [-Wshadow]
   double E=_p[i].EOS.e()/_p[i].sigma*_p[i].gamma*t0;
          ^
In file included from enteric.h:15:0,
                 from main.cpp:17:
LinkList.h:112:13: note: shadowed declaration is here
  double dEz,E,Ez,E0,Etot,S,S0,Eloss,Esubb;
             ^
In file included from main.cpp:17:0:
enteric.h: In function 'void nextevent(int, LinkList<D>&)':
enteric.h:715:11: warning: declaration of 'int i' shadows a parameter [-Wshadow]
  for (int i=0;i<linklist.n();i++)
           ^
enteric.h:697:20: note: shadowed declaration is here
 void nextevent(int i, LinkList<D> &linklist)
                    ^
main.cpp: In function 'int main(int, char**)':
main.cpp:53:15: warning: unused parameter 'argc' [-Wunused-parameter]
 int main (int argc, char *argv[])
               ^~~~
In file included from main.cpp:17:0:
enteric.h: In instantiation of 'void nextevent(int, LinkList<D>&) [with int D = 2]':
main.cpp:136:29:   required from here
enteric.h:715:11: warning: declaration of 'int i' shadows a parameter [-Wshadow]
  for (int i=0;i<linklist.n();i++)
           ^
enteric.h:697:20: note: shadowed declaration is here
 void nextevent(int i, LinkList<D> &linklist)
                    ^
enteric.h: In instantiation of 'void nextevent(int, LinkList<D>&) [with int D = 3]':
main.cpp:224:29:   required from here
enteric.h:715:11: warning: declaration of 'int i' shadows a parameter [-Wshadow]
  for (int i=0;i<linklist.n();i++)
           ^
enteric.h:697:20: note: shadowed declaration is here
 void nextevent(int i, LinkList<D> &linklist)
                    ^
In file included from enteric.h:15:0,
                 from main.cpp:17:
LinkList.h: In instantiation of 'double LinkList<D>::eanal2(double, double, double) [with int D = 2]':
LinkList.h:2296:29:   required from 'void LinkList<D>::gubser(double) [with int D = 2]'
enteric.h:370:6:   required from 'void manualenter(_inputIC&, LinkList<D>&) [with int D = 2]'
main.cpp:125:30:   required from here
LinkList.h:2163:8: warning: declaration of 't' shadows a member of 'LinkList<2>' [-Wshadow]
 double LinkList<D>::eanal2(double t, double x, double y)
        ^~~~~~~~~~~
In file included from enteric.h:15:0,
                 from main.cpp:17:
LinkList.h:75:9: note: shadowed declaration is here
  double t,dt;
         ^
In file included from enteric.h:15:0,
                 from main.cpp:17:
LinkList.h: In instantiation of 'double LinkList<D>::ux(double, double, double) [with int D = 2]':
LinkList.h:2298:27:   required from 'void LinkList<D>::gubser(double) [with int D = 2]'
enteric.h:370:6:   required from 'void manualenter(_inputIC&, LinkList<D>&) [with int D = 2]'
main.cpp:125:30:   required from here
LinkList.h:2180:8: warning: declaration of 't' shadows a member of 'LinkList<2>' [-Wshadow]
 double LinkList<D>::ux(double t, double x, double y)
        ^~~~~~~~~~~
In file included from enteric.h:15:0,
                 from main.cpp:17:
LinkList.h:75:9: note: shadowed declaration is here
  double t,dt;
         ^
In file included from enteric.h:15:0,
                 from main.cpp:17:
LinkList.h: In instantiation of 'double LinkList<D>::uy(double, double, double) [with int D = 2]':
LinkList.h:2299:27:   required from 'void LinkList<D>::gubser(double) [with int D = 2]'
enteric.h:370:6:   required from 'void manualenter(_inputIC&, LinkList<D>&) [with int D = 2]'
main.cpp:125:30:   required from here
LinkList.h:2186:8: warning: declaration of 't' shadows a member of 'LinkList<2>' [-Wshadow]
 double LinkList<D>::uy(double t, double x, double y)
        ^~~~~~~~~~~
In file included from enteric.h:15:0,
                 from main.cpp:17:
LinkList.h:75:9: note: shadowed declaration is here
  double t,dt;
         ^
In file included from enteric.h:15:0,
                 from main.cpp:17:
LinkList.h: In instantiation of 'double LinkList<D>::eanal2(double, double, double) [with int D = 3]':
LinkList.h:2296:29:   required from 'void LinkList<D>::gubser(double) [with int D = 3]'
enteric.h:370:6:   required from 'void manualenter(_inputIC&, LinkList<D>&) [with int D = 3]'
main.cpp:214:30:   required from here
LinkList.h:2163:8: warning: declaration of 't' shadows a member of 'LinkList<3>' [-Wshadow]
 double LinkList<D>::eanal2(double t, double x, double y)
        ^~~~~~~~~~~
In file included from enteric.h:15:0,
                 from main.cpp:17:
LinkList.h:75:9: note: shadowed declaration is here
  double t,dt;
         ^
In file included from enteric.h:15:0,
                 from main.cpp:17:
LinkList.h: In instantiation of 'double LinkList<D>::ux(double, double, double) [with int D = 3]':
LinkList.h:2298:27:   required from 'void LinkList<D>::gubser(double) [with int D = 3]'
enteric.h:370:6:   required from 'void manualenter(_inputIC&, LinkList<D>&) [with int D = 3]'
main.cpp:214:30:   required from here
LinkList.h:2180:8: warning: declaration of 't' shadows a member of 'LinkList<3>' [-Wshadow]
 double LinkList<D>::ux(double t, double x, double y)
        ^~~~~~~~~~~
In file included from enteric.h:15:0,
                 from main.cpp:17:
LinkList.h:75:9: note: shadowed declaration is here
  double t,dt;
         ^
In file included from enteric.h:15:0,
                 from main.cpp:17:
LinkList.h: In instantiation of 'double LinkList<D>::uy(double, double, double) [with int D = 3]':
LinkList.h:2299:27:   required from 'void LinkList<D>::gubser(double) [with int D = 3]'
enteric.h:370:6:   required from 'void manualenter(_inputIC&, LinkList<D>&) [with int D = 3]'
main.cpp:214:30:   required from here
LinkList.h:2186:8: warning: declaration of 't' shadows a member of 'LinkList<3>' [-Wshadow]
 double LinkList<D>::uy(double t, double x, double y)
        ^~~~~~~~~~~
In file included from enteric.h:15:0,
                 from main.cpp:17:
LinkList.h:75:9: note: shadowed declaration is here
  double t,dt;
         ^
LinkList.h: In instantiation of 'int LinkList<D>::triToSum(Vector<int, D>, Vector<int, D>) [with int D = 2]':
LinkList.h:1637:19:   required from 'void LinkList<D>::initiate() [with int D = 2]'
LinkList.h:2262:10:   required from 'void LinkList<D>::gubsershear(double) [with int D = 2]'
enteric.h:368:3:   required from 'void manualenter(_inputIC&, LinkList<D>&) [with int D = 2]'
main.cpp:125:30:   required from here
LinkList.h:303:5: warning: declaration of 'size' shadows a member of 'LinkList<2>' [-Wshadow]
 int LinkList<D>::triToSum(Vector<int,D>  dael, Vector<int,D>  size)
     ^~~~~~~~~~~
LinkList.h:106:16: note: shadowed declaration is here
  Vector<int,D> size;
                ^~~~
LinkList.h:303:5: warning: declaration of 'dael' shadows a member of 'LinkList<2>' [-Wshadow]
 int LinkList<D>::triToSum(Vector<int,D>  dael, Vector<int,D>  size)
     ^~~~~~~~~~~
LinkList.h:108:17: note: shadowed declaration is here
  Vector<int,D> *dael;
                 ^~~~
In file included from enteric.h:15:0,
                 from main.cpp:17:
LinkList.h: In instantiation of 'double LinkList<D>::g(double, double, double) [with int D = 2]':
LinkList.h:2182:15:   required from 'double LinkList<D>::ux(double, double, double) [with int D = 2]'
LinkList.h:2298:27:   required from 'void LinkList<D>::gubser(double) [with int D = 2]'
enteric.h:370:6:   required from 'void manualenter(_inputIC&, LinkList<D>&) [with int D = 2]'
main.cpp:125:30:   required from here
LinkList.h:2172:8: warning: declaration of 't' shadows a member of 'LinkList<2>' [-Wshadow]
 double LinkList<D>::g(double t, double x, double y)
        ^~~~~~~~~~~
In file included from enteric.h:15:0,
                 from main.cpp:17:
LinkList.h:75:9: note: shadowed declaration is here
  double t,dt;
         ^
In file included from main.cpp:16:0:
particle.h: In instantiation of 'void Particle<D>::frzcheck(double, int&, int) [with int D = 2]':
LinkList.h:2490:10:   required from 'void LinkList<D>::guess() [with int D = 2]'
LinkList.h:2342:20:   required from 'void LinkList<D>::updateIC() [with int D = 2]'
enteric.h:654:5:   required from 'void manualenter(_inputIC&, LinkList<D>&) [with int D = 2]'
main.cpp:125:30:   required from here
particle.h:169:6: warning: declaration of 'count' shadows a member of 'Particle<2>' [-Wshadow]
 void Particle<D>::frzcheck(double tin,int &count, int N)
      ^~~~~~~~~~~
particle.h:70:9: note: shadowed declaration is here
     int count;
         ^~~~~
particle.h:169:55: warning: unused parameter 'N' [-Wunused-parameter]
 void Particle<D>::frzcheck(double tin,int &count, int N)
                                                       ^
In file included from enteric.h:15:0,
                 from main.cpp:17:
LinkList.h: In instantiation of 'void LinkList<D>::qmflow() [with int D = 2]':
LinkList.h:2500:27:   required from 'void LinkList<D>::guess() [with int D = 2]'
LinkList.h:2342:20:   required from 'void LinkList<D>::updateIC() [with int D = 2]'
enteric.h:654:5:   required from 'void manualenter(_inputIC&, LinkList<D>&) [with int D = 2]'
main.cpp:125:30:   required from here
LinkList.h:2511:10: warning: declaration of 'E' shadows a member of 'LinkList<2>' [-Wshadow]
   double E=_p[i].EOS.e()/_p[i].sigma*_p[i].gamma*t0;
          ^
In file included from enteric.h:15:0,
                 from main.cpp:17:
LinkList.h:112:13: note: shadowed declaration is here
  double dEz,E,Ez,E0,Etot,S,S0,Eloss,Esubb;
             ^
LinkList.h: In instantiation of 'int LinkList<D>::triToSum(Vector<int, D>, Vector<int, D>) [with int D = 3]':
LinkList.h:1637:19:   required from 'void LinkList<D>::initiate() [with int D = 3]'
LinkList.h:2262:10:   required from 'void LinkList<D>::gubsershear(double) [with int D = 3]'
enteric.h:368:3:   required from 'void manualenter(_inputIC&, LinkList<D>&) [with int D = 3]'
main.cpp:214:30:   required from here
LinkList.h:303:5: warning: declaration of 'size' shadows a member of 'LinkList<3>' [-Wshadow]
 int LinkList<D>::triToSum(Vector<int,D>  dael, Vector<int,D>  size)
     ^~~~~~~~~~~
LinkList.h:106:16: note: shadowed declaration is here
  Vector<int,D> size;
                ^~~~
LinkList.h:303:5: warning: declaration of 'dael' shadows a member of 'LinkList<3>' [-Wshadow]
 int LinkList<D>::triToSum(Vector<int,D>  dael, Vector<int,D>  size)
     ^~~~~~~~~~~
LinkList.h:108:17: note: shadowed declaration is here
  Vector<int,D> *dael;
                 ^~~~
In file included from enteric.h:15:0,
                 from main.cpp:17:
LinkList.h: In instantiation of 'double LinkList<D>::g(double, double, double) [with int D = 3]':
LinkList.h:2182:15:   required from 'double LinkList<D>::ux(double, double, double) [with int D = 3]'
LinkList.h:2298:27:   required from 'void LinkList<D>::gubser(double) [with int D = 3]'
enteric.h:370:6:   required from 'void manualenter(_inputIC&, LinkList<D>&) [with int D = 3]'
main.cpp:214:30:   required from here
LinkList.h:2172:8: warning: declaration of 't' shadows a member of 'LinkList<3>' [-Wshadow]
 double LinkList<D>::g(double t, double x, double y)
        ^~~~~~~~~~~
In file included from enteric.h:15:0,
                 from main.cpp:17:
LinkList.h:75:9: note: shadowed declaration is here
  double t,dt;
         ^
In file included from main.cpp:16:0:
particle.h: In instantiation of 'void Particle<D>::frzcheck(double, int&, int) [with int D = 3]':
LinkList.h:2490:10:   required from 'void LinkList<D>::guess() [with int D = 3]'
LinkList.h:2342:20:   required from 'void LinkList<D>::updateIC() [with int D = 3]'
enteric.h:654:5:   required from 'void manualenter(_inputIC&, LinkList<D>&) [with int D = 3]'
main.cpp:214:30:   required from here
particle.h:169:6: warning: declaration of 'count' shadows a member of 'Particle<3>' [-Wshadow]
 void Particle<D>::frzcheck(double tin,int &count, int N)
      ^~~~~~~~~~~
particle.h:70:9: note: shadowed declaration is here
     int count;
         ^~~~~
particle.h:169:55: warning: unused parameter 'N' [-Wunused-parameter]
 void Particle<D>::frzcheck(double tin,int &count, int N)
                                                       ^
In file included from enteric.h:15:0,
                 from main.cpp:17:
LinkList.h: In instantiation of 'void LinkList<D>::qmflow() [with int D = 3]':
LinkList.h:2500:27:   required from 'void LinkList<D>::guess() [with int D = 3]'
LinkList.h:2342:20:   required from 'void LinkList<D>::updateIC() [with int D = 3]'
enteric.h:654:5:   required from 'void manualenter(_inputIC&, LinkList<D>&) [with int D = 3]'
main.cpp:214:30:   required from here
LinkList.h:2511:10: warning: declaration of 'E' shadows a member of 'LinkList<3>' [-Wshadow]
   double E=_p[i].EOS.e()/_p[i].sigma*_p[i].gamma*t0;
          ^
In file included from enteric.h:15:0,
                 from main.cpp:17:
LinkList.h:112:13: note: shadowed declaration is here
  double dEz,E,Ez,E0,Etot,S,S0,Eloss,Esubb;
             ^
g++ -Wall -Wextra -pedantic -Wno-conversion -Wcast-align -Wunused -Wshadow -Wpointer-arith -Og -c -I/projects/jnorhos/BSQ/eigen -I/projects/jnorhos/BSQ/splinter/include -g -std=c++11 vector.cpp
g++ -Wall -Wextra -pedantic -Wno-conversion -Wcast-align -Wunused -Wshadow -Wpointer-arith -Og -c -I/projects/jnorhos/BSQ/eigen -I/projects/jnorhos/BSQ/splinter/include -g -std=c++11 hydrosim.cpp
In file included from /projects/jnorhos/BSQ/splinter/include/../../splinter/include/bspline.h:13:0,
                 from eos.h:3,
                 from particle.h:6,
                 from hydrosim.cpp:15:
/projects/jnorhos/BSQ/splinter/include/../../splinter/include/function.h: In constructor 'SPLINTER::Function::Function(unsigned int)':
/projects/jnorhos/BSQ/splinter/include/../../splinter/include/function.h:32:9: warning: declaration of 'numVariables' shadows a member of 'SPLINTER::Function' [-Wshadow]
         : numVariables(numVariables) {}
         ^
/projects/jnorhos/BSQ/splinter/include/../../splinter/include/function.h:101:18: note: shadowed declaration is here
     unsigned int numVariables; // Dimension of domain (size of x)
                  ^~~~~~~~~~~~
In file included from hydrosim.cpp:15:0:
particle.h: In member function 'void Particle<D>::frzcheck(double, int&, int)':
particle.h:169:56: warning: declaration of 'count' shadows a member of 'Particle<D>' [-Wshadow]
 void Particle<D>::frzcheck(double tin,int &count, int N)
                                                        ^
particle.h:70:9: note: shadowed declaration is here
     int count;
         ^~~~~
In file included from rungekutta4.h:7:0,
                 from hydrosim.cpp:16:
LinkList.h: In member function 'int LinkList<D>::triToSum(Vector<int, D>, Vector<int, D>)':
LinkList.h:303:67: warning: declaration of 'size' shadows a member of 'LinkList<D>' [-Wshadow]
 int LinkList<D>::triToSum(Vector<int,D>  dael, Vector<int,D>  size)
                                                                   ^
LinkList.h:106:16: note: shadowed declaration is here
  Vector<int,D> size;
                ^~~~
LinkList.h:303:67: warning: declaration of 'dael' shadows a member of 'LinkList<D>' [-Wshadow]
 int LinkList<D>::triToSum(Vector<int,D>  dael, Vector<int,D>  size)
                                                                   ^
LinkList.h:108:17: note: shadowed declaration is here
  Vector<int,D> *dael;
                 ^~~~
In file included from rungekutta4.h:7:0,
                 from hydrosim.cpp:16:
LinkList.h: In member function 'double LinkList<D>::eanal2(double, double, double)':
LinkList.h:2163:56: warning: declaration of 't' shadows a member of 'LinkList<D>' [-Wshadow]
 double LinkList<D>::eanal2(double t, double x, double y)
                                                        ^
In file included from rungekutta4.h:7:0,
                 from hydrosim.cpp:16:
LinkList.h:75:9: note: shadowed declaration is here
  double t,dt;
         ^
In file included from rungekutta4.h:7:0,
                 from hydrosim.cpp:16:
LinkList.h: In member function 'double LinkList<D>::g(double, double, double)':
LinkList.h:2172:51: warning: declaration of 't' shadows a member of 'LinkList<D>' [-Wshadow]
 double LinkList<D>::g(double t, double x, double y)
                                                   ^
In file included from rungekutta4.h:7:0,
                 from hydrosim.cpp:16:
LinkList.h:75:9: note: shadowed declaration is here
  double t,dt;
         ^
In file included from rungekutta4.h:7:0,
                 from hydrosim.cpp:16:
LinkList.h: In member function 'double LinkList<D>::ux(double, double, double)':
LinkList.h:2180:52: warning: declaration of 't' shadows a member of 'LinkList<D>' [-Wshadow]
 double LinkList<D>::ux(double t, double x, double y)
                                                    ^
In file included from rungekutta4.h:7:0,
                 from hydrosim.cpp:16:
LinkList.h:75:9: note: shadowed declaration is here
  double t,dt;
         ^
In file included from rungekutta4.h:7:0,
                 from hydrosim.cpp:16:
LinkList.h: In member function 'double LinkList<D>::uy(double, double, double)':
LinkList.h:2186:52: warning: declaration of 't' shadows a member of 'LinkList<D>' [-Wshadow]
 double LinkList<D>::uy(double t, double x, double y)
                                                    ^
In file included from rungekutta4.h:7:0,
                 from hydrosim.cpp:16:
LinkList.h:75:9: note: shadowed declaration is here
  double t,dt;
         ^
In file included from rungekutta4.h:7:0,
                 from hydrosim.cpp:16:
LinkList.h: In member function 'void LinkList<D>::qmflow()':
LinkList.h:2511:10: warning: declaration of 'E' shadows a member of 'LinkList<D>' [-Wshadow]
   double E=_p[i].EOS.e()/_p[i].sigma*_p[i].gamma*t0;
          ^
In file included from rungekutta4.h:7:0,
                 from hydrosim.cpp:16:
LinkList.h:112:13: note: shadowed declaration is here
  double dEz,E,Ez,E0,Etot,S,S0,Eloss,Esubb;
             ^
hydrosim.cpp: In instantiation of 'void BSQshear(LinkList<D>&) [with int D = 2]':
hydrosim.cpp:315:46:   required from here
hydrosim.cpp:808:7: warning: unused variable 'curfrz' [-Wunused-variable]
   int curfrz=0;//added by Christopher Plumberg to get compilation
       ^~~~~~
In file included from hydrosim.cpp:19:0:
output.h: In instantiation of 'void Output<D>::do_mkdir(const char*, int) [with int D = 2]':
output.h:64:39:   required from 'Output<D>::Output(LinkList<D>&) [with int D = 2]'
hydrosim.cpp:42:24:   required from here
output.h:881:48: warning: unused parameter 'mode' [-Wunused-parameter]
 void Output<D>::do_mkdir(const char *path, int mode)
                                                ^~~~
In file included from hydrosim.cpp:15:0:
particle.h: In instantiation of 'void Particle<D>::frzcheck(double, int&, int) [with int D = 2]':
hydrosim.cpp:442:32:   required from 'void idealhydro3(LinkList<D>&) [with int D = 2]'
hydrosim.cpp:68:49:   required from here
particle.h:169:6: warning: declaration of 'count' shadows a member of 'Particle<2>' [-Wshadow]
 void Particle<D>::frzcheck(double tin,int &count, int N)
      ^~~~~~~~~~~
particle.h:70:9: note: shadowed declaration is here
     int count;
         ^~~~~
particle.h:169:55: warning: unused parameter 'N' [-Wunused-parameter]
 void Particle<D>::frzcheck(double tin,int &count, int N)
                                                       ^
In file included from rungekutta4.h:7:0,
                 from hydrosim.cpp:16:
LinkList.h: In instantiation of 'int LinkList<D>::triToSum(Vector<int, D>, Vector<int, D>) [with int D = 2]':
hydrosim.cpp:541:34:   required from 'void vischydro3(LinkList<D>&) [with int D = 2]'
hydrosim.cpp:140:46:   required from here
LinkList.h:303:5: warning: declaration of 'size' shadows a member of 'LinkList<2>' [-Wshadow]
 int LinkList<D>::triToSum(Vector<int,D>  dael, Vector<int,D>  size)
     ^~~~~~~~~~~
LinkList.h:106:16: note: shadowed declaration is here
  Vector<int,D> size;
                ^~~~
LinkList.h:303:5: warning: declaration of 'dael' shadows a member of 'LinkList<2>' [-Wshadow]
 int LinkList<D>::triToSum(Vector<int,D>  dael, Vector<int,D>  size)
     ^~~~~~~~~~~
LinkList.h:108:17: note: shadowed declaration is here
  Vector<int,D> *dael;
                 ^~~~
LinkList.h: In instantiation of 'void LinkList<D>::svoptimization2(int, double, int&) [with int D = 2]':
hydrosim.cpp:710:3:   required from 'void shear(LinkList<D>&) [with int D = 2]'
hydrosim.cpp:207:42:   required from here
LinkList.h:1965:58: warning: unused parameter 'count' [-Wunused-parameter]
 void LinkList<D>::svoptimization2(int a,double tin,int & count)
                                                          ^~~~~
In file included from hydrosim.cpp:15:0:
particle.h: In instantiation of 'void Particle<D>::svsigset(double, int) [with int D = 2]':
hydrosim.cpp:713:3:   required from 'void shear(LinkList<D>&) [with int D = 2]'
hydrosim.cpp:207:42:   required from here
particle.h:297:43: warning: unused parameter 'i' [-Wunused-parameter]
 void Particle<D>::svsigset(double tin,int i)
                                           ^
particle.h: In instantiation of 'Matrix<double, D, D> Particle<D>::Msub(int) [with int D = 2]':
hydrosim.cpp:739:23:   required from 'void shear(LinkList<D>&) [with int D = 2]'
hydrosim.cpp:207:42:   required from here
particle.h:350:43: warning: unused parameter 'i' [-Wunused-parameter]
 Matrix<double, D,D> Particle<D>::Msub(int i)
                                           ^
In file included from rungekutta4.h:7:0,
                 from hydrosim.cpp:16:
LinkList.h: In instantiation of 'void LinkList<D>::bsqsvoptimization2(int, double, int&) [with int D = 2]':
hydrosim.cpp:865:9:   required from 'void BSQshear(LinkList<D>&) [with int D = 2]'
hydrosim.cpp:315:46:   required from here
LinkList.h:2061:61: warning: unused parameter 'count' [-Wunused-parameter]
 void LinkList<D>::bsqsvoptimization2(int a,double tin,int & count)
                                                             ^~~~~
In file included from hydrosim.cpp:15:0:
particle.h: In instantiation of 'void Particle<D>::bsqsvsigset(double, int) [with int D = 2]':
hydrosim.cpp:869:3:   required from 'void BSQshear(LinkList<D>&) [with int D = 2]'
hydrosim.cpp:315:46:   required from here
particle.h:385:46: warning: unused parameter 'i' [-Wunused-parameter]
 void Particle<D>::bsqsvsigset(double tin,int i)
                                              ^
In file included from hydrosim.cpp:19:0:
output.h: In instantiation of 'void Output<D>::do_mkdir(const char*, int) [with int D = 3]':
output.h:64:39:   required from 'Output<D>::Output(LinkList<D>&) [with int D = 3]'
hydrosim.cpp:389:24:   required from here
output.h:881:48: warning: unused parameter 'mode' [-Wunused-parameter]
 void Output<D>::do_mkdir(const char *path, int mode)
                                                ^~~~
In file included from hydrosim.cpp:15:0:
particle.h: In instantiation of 'void Particle<D>::frzcheck(double, int&, int) [with int D = 3]':
hydrosim.cpp:442:32:   required from 'void idealhydro3(LinkList<D>&) [with int D = 3]'
hydrosim.cpp:393:25:   required from here
particle.h:169:6: warning: declaration of 'count' shadows a member of 'Particle<3>' [-Wshadow]
 void Particle<D>::frzcheck(double tin,int &count, int N)
      ^~~~~~~~~~~
particle.h:70:9: note: shadowed declaration is here
     int count;
         ^~~~~
particle.h:169:55: warning: unused parameter 'N' [-Wunused-parameter]
 void Particle<D>::frzcheck(double tin,int &count, int N)
                                                       ^
In file included from rungekutta4.h:7:0,
                 from hydrosim.cpp:16:
LinkList.h: In instantiation of 'int LinkList<D>::triToSum(Vector<int, D>, Vector<int, D>) [with int D = 3]':
LinkList.h:1637:19:   required from 'void LinkList<D>::initiate() [with int D = 3]'
hydrosim.cpp:425:6:   required from 'void idealhydro3(LinkList<D>&) [with int D = 3]'
hydrosim.cpp:393:25:   required from here
LinkList.h:303:5: warning: declaration of 'size' shadows a member of 'LinkList<3>' [-Wshadow]
 int LinkList<D>::triToSum(Vector<int,D>  dael, Vector<int,D>  size)
     ^~~~~~~~~~~
LinkList.h:106:16: note: shadowed declaration is here
  Vector<int,D> size;
                ^~~~
LinkList.h:303:5: warning: declaration of 'dael' shadows a member of 'LinkList<3>' [-Wshadow]
 int LinkList<D>::triToSum(Vector<int,D>  dael, Vector<int,D>  size)
     ^~~~~~~~~~~
LinkList.h:108:17: note: shadowed declaration is here
  Vector<int,D> *dael;
                 ^~~~
LinkList.h: In member function 'void LinkList<D>::interpolate(int) [with int D = 2]':
LinkList.h:467:49: warning: 'thetasub' may be used uninitialized in this function [-Wmaybe-uninitialized]
       divTtemp[j]=-(1/(gsub[j]*sFO[j]))*(cs2*wfz*thetasub+inner(uout[j],gradPsub));
                                          ~~~~~~~^~~~~~~~~
LinkList.h:460:3: warning: 'sigsub' may be used uninitialized in this function [-Wmaybe-uninitialized]
   sigsub/=gsub[j]*tlist[j];
   ^~~~~~
LinkList.h: In member function 'void LinkList<D>::interpolate(int) [with int D = 3]':
LinkList.h:467:49: warning: 'thetasub' may be used uninitialized in this function [-Wmaybe-uninitialized]
       divTtemp[j]=-(1/(gsub[j]*sFO[j]))*(cs2*wfz*thetasub+inner(uout[j],gradPsub));
                                          ~~~~~~~^~~~~~~~~
LinkList.h:460:3: warning: 'sigsub' may be used uninitialized in this function [-Wmaybe-uninitialized]
   sigsub/=gsub[j]*tlist[j];
   ^~~~~~
LinkList.h: In member function 'void LinkList<D>::bsqsvinterpolate(int) [with int D = 2]':
LinkList.h:1148:75: warning: 'inside' may be used uninitialized in this function [-Wmaybe-uninitialized]
       divTtemp[j]=-(1/(gsub[j]*sFO[j]))*(cs2*(wfz+bulksub[j])*thetasub-cs2*inside+inner(uout[j],gradPsub));
                                                                        ~~~^~~~~~~
LinkList.h:1148:62: warning: 'thetasub' may be used uninitialized in this function [-Wmaybe-uninitialized]
       divTtemp[j]=-(1/(gsub[j]*sFO[j]))*(cs2*(wfz+bulksub[j])*thetasub-cs2*inside+inner(uout[j],gradPsub));
                                          ~~~~~~~~~~~~~~~~~~~~^~~~~~~~~
LinkList.h:1144:3: warning: 'sigsub' may be used uninitialized in this function [-Wmaybe-uninitialized]
   sigsub/=gsub[j]*tlist[j];
   ^~~~~~
LinkList.h: In member function 'void LinkList<D>::svinterpolate(int) [with int D = 2]':
LinkList.h:884:75: warning: 'inside' may be used uninitialized in this function [-Wmaybe-uninitialized]
       divTtemp[j]=-(1/(gsub[j]*sFO[j]))*(cs2*(wfz+bulksub[j])*thetasub-cs2*inside+inner(uout[j],gradPsub));
                                                                        ~~~^~~~~~~
LinkList.h:884:62: warning: 'thetasub' may be used uninitialized in this function [-Wmaybe-uninitialized]
       divTtemp[j]=-(1/(gsub[j]*sFO[j]))*(cs2*(wfz+bulksub[j])*thetasub-cs2*inside+inner(uout[j],gradPsub));
                                          ~~~~~~~~~~~~~~~~~~~~^~~~~~~~~
LinkList.h:880:3: warning: 'sigsub' may be used uninitialized in this function [-Wmaybe-uninitialized]
   sigsub/=gsub[j]*tlist[j];
   ^~~~~~
g++ -Wall -Wextra -pedantic -Wno-conversion -Wcast-align -Wunused -Wshadow -Wpointer-arith -Og -c -I/projects/jnorhos/BSQ/eigen -I/projects/jnorhos/BSQ/splinter/include -g -std=c++11 newspline.cpp
g++ -Wall -Wextra -pedantic -Wno-conversion -Wcast-align -Wunused -Wshadow -Wpointer-arith -Og -c -I/projects/jnorhos/BSQ/eigen -I/projects/jnorhos/BSQ/splinter/include -g -std=c++11 random.cpp
g++ -Wall -Wextra -pedantic -Wno-conversion -Wcast-align -Wunused -Wshadow -Wpointer-arith -Og -c -I/projects/jnorhos/BSQ/eigen -I/projects/jnorhos/BSQ/splinter/include -g -std=c++11 eos.cpp
In file included from /projects/jnorhos/BSQ/splinter/include/../../splinter/include/bspline.h:13:0,
                 from eos.h:3,
                 from eos.cpp:1:
/projects/jnorhos/BSQ/splinter/include/../../splinter/include/function.h: In constructor 'SPLINTER::Function::Function(unsigned int)':
/projects/jnorhos/BSQ/splinter/include/../../splinter/include/function.h:32:9: warning: declaration of 'numVariables' shadows a member of 'SPLINTER::Function' [-Wshadow]
         : numVariables(numVariables) {}
         ^
/projects/jnorhos/BSQ/splinter/include/../../splinter/include/function.h:101:18: note: shadowed declaration is here
     unsigned int numVariables; // Dimension of domain (size of x)
                  ^~~~~~~~~~~~
eos.cpp: At global scope:
eos.cpp:736:2: warning: extra ';' [-Wpedantic]
 };
  ^
eos.cpp: In member function 'void eos::eosin(std::__cxx11::string)':
eos.cpp:964:29: warning: unused parameter 'type' [-Wunused-parameter]
 void eos::eosin(std::string type) {}
                             ^~~~
eos.cpp: In function 'int quant_rootfinder_f(const gsl_vector*, void*, gsl_vector*)':
eos.cpp:1261:19: warning: 'quant' may be used uninitialized in this function [-Wmaybe-uninitialized]
     gsl_vector_set(f, 0, (quant - quantGiven));
     ~~~~~~~~~~~~~~^~~~~~~~~~~~~~~~~~~~~~~~~~~~
eos.cpp:1261:19: warning: 'quantGiven' may be used uninitialized in this function [-Wmaybe-uninitialized]
g++ -Wall -Wextra -pedantic -Wno-conversion -Wcast-align -Wunused -Wshadow -Wpointer-arith -Og -c -I/projects/jnorhos/BSQ/eigen -I/projects/jnorhos/BSQ/splinter/include -g -std=c++11 matrix.cpp
g++ -Wall -Wextra -pedantic -Wno-conversion -Wcast-align -Wunused -Wshadow -Wpointer-arith -Og -c -I/projects/jnorhos/BSQ/eigen -I/projects/jnorhos/BSQ/splinter/include -g -std=c++11 enteric.cpp
In file included from /projects/jnorhos/BSQ/splinter/include/../../splinter/include/bspline.h:13:0,
                 from eos.h:3,
                 from particle.h:6,
                 from enteric.cpp:14:
/projects/jnorhos/BSQ/splinter/include/../../splinter/include/function.h: In constructor 'SPLINTER::Function::Function(unsigned int)':
/projects/jnorhos/BSQ/splinter/include/../../splinter/include/function.h:32:9: warning: declaration of 'numVariables' shadows a member of 'SPLINTER::Function' [-Wshadow]
         : numVariables(numVariables) {}
         ^
/projects/jnorhos/BSQ/splinter/include/../../splinter/include/function.h:101:18: note: shadowed declaration is here
     unsigned int numVariables; // Dimension of domain (size of x)
                  ^~~~~~~~~~~~
In file included from enteric.cpp:14:0:
particle.h: In member function 'void Particle<D>::frzcheck(double, int&, int)':
particle.h:169:56: warning: declaration of 'count' shadows a member of 'Particle<D>' [-Wshadow]
 void Particle<D>::frzcheck(double tin,int &count, int N)
                                                        ^
particle.h:70:9: note: shadowed declaration is here
     int count;
         ^~~~~
In file included from enteric.h:15:0,
                 from enteric.cpp:15:
LinkList.h: In member function 'int LinkList<D>::triToSum(Vector<int, D>, Vector<int, D>)':
LinkList.h:303:67: warning: declaration of 'size' shadows a member of 'LinkList<D>' [-Wshadow]
 int LinkList<D>::triToSum(Vector<int,D>  dael, Vector<int,D>  size)
                                                                   ^
LinkList.h:106:16: note: shadowed declaration is here
  Vector<int,D> size;
                ^~~~
LinkList.h:303:67: warning: declaration of 'dael' shadows a member of 'LinkList<D>' [-Wshadow]
 int LinkList<D>::triToSum(Vector<int,D>  dael, Vector<int,D>  size)
                                                                   ^
LinkList.h:108:17: note: shadowed declaration is here
  Vector<int,D> *dael;
                 ^~~~
LinkList.h: In member function 'double LinkList<D>::eanal2(double, double, double)':
LinkList.h:2163:56: warning: declaration of 't' shadows a member of 'LinkList<D>' [-Wshadow]
 double LinkList<D>::eanal2(double t, double x, double y)
                                                        ^
LinkList.h:75:9: note: shadowed declaration is here
  double t,dt;
         ^
LinkList.h: In member function 'double LinkList<D>::g(double, double, double)':
LinkList.h:2172:51: warning: declaration of 't' shadows a member of 'LinkList<D>' [-Wshadow]
 double LinkList<D>::g(double t, double x, double y)
                                                   ^
LinkList.h:75:9: note: shadowed declaration is here
  double t,dt;
         ^
LinkList.h: In member function 'double LinkList<D>::ux(double, double, double)':
LinkList.h:2180:52: warning: declaration of 't' shadows a member of 'LinkList<D>' [-Wshadow]
 double LinkList<D>::ux(double t, double x, double y)
                                                    ^
LinkList.h:75:9: note: shadowed declaration is here
  double t,dt;
         ^
LinkList.h: In member function 'double LinkList<D>::uy(double, double, double)':
LinkList.h:2186:52: warning: declaration of 't' shadows a member of 'LinkList<D>' [-Wshadow]
 double LinkList<D>::uy(double t, double x, double y)
                                                    ^
LinkList.h:75:9: note: shadowed declaration is here
  double t,dt;
         ^
In file included from enteric.h:15:0,
                 from enteric.cpp:15:
LinkList.h: In member function 'void LinkList<D>::qmflow()':
LinkList.h:2511:10: warning: declaration of 'E' shadows a member of 'LinkList<D>' [-Wshadow]
   double E=_p[i].EOS.e()/_p[i].sigma*_p[i].gamma*t0;
          ^
In file included from enteric.h:15:0,
                 from enteric.cpp:15:
LinkList.h:112:13: note: shadowed declaration is here
  double dEz,E,Ez,E0,Etot,S,S0,Eloss,Esubb;
             ^
In file included from enteric.cpp:15:0:
enteric.h: In function 'void nextevent(int, LinkList<D>&)':
enteric.h:715:11: warning: declaration of 'int i' shadows a parameter [-Wshadow]
  for (int i=0;i<linklist.n();i++)
           ^
enteric.h:697:20: note: shadowed declaration is here
 void nextevent(int i, LinkList<D> &linklist)
                    ^
enteric.cpp: In function 'void readICs_gen(std::__cxx11::string&, std::__cxx11::string&, int&, Particle<2>*&, const double&, int&)':
enteric.cpp:163:43: warning: unused parameter 'firstry2' [-Wunused-parameter]
 void readICs_gen(string &firstry, string &firstry2, int &_Ntable3,Particle<2> *&_p,double const& efcheck, int & numpart)
                                           ^~~~~~~~
enteric.cpp: In function 'void readICs_gen(std::__cxx11::string&, int&, Particle<2>*&, const double&, int&)':
enteric.cpp:209:81: warning: unused parameter 'efcheck' [-Wunused-parameter]
 void readICs_gen(string &firstry,  int &_Ntable3,Particle<2> *&_p,double const& efcheck, int & numpart)
                                                                                 ^~~~~~~
enteric.cpp:209:96: warning: unused parameter 'numpart' [-Wunused-parameter]
 void readICs_gen(string &firstry,  int &_Ntable3,Particle<2> *&_p,double const& efcheck, int & numpart)
                                                                                                ^~~~~~~
enteric.cpp: In function 'void readICs_tnt(std::__cxx11::string&, int&, Particle<2>*&, double, const double&, int&, eos)':
enteric.cpp:337:123: warning: unused parameter 'EOS' [-Wunused-parameter]
 void readICs_tnt(string &firstry,  int &_Ntable3,Particle<2> *&_p,double factor,double const& sfcheck, int & numpart, eos EOS)
                                                                                                                           ^~~
enteric.cpp: In function 'void readICs_iccing(std::__cxx11::string&, int&, Particle<2>*&, double, const double&, int&, eos)':
enteric.cpp:435:126: warning: unused parameter 'EOS' [-Wunused-parameter]
 void readICs_iccing(string &firstry,  int &_Ntable3,Particle<2> *&_p,double factor,double const& sfcheck, int & numpart, eos EOS)
                                                                                                                              ^~~
enteric.cpp: In function 'void readICs_iccing(std::__cxx11::string&, int&, Particle<3>*&, double, const double&, int&, eos)':
enteric.cpp:539:30: warning: unused parameter 'firstry' [-Wunused-parameter]
 void readICs_iccing( string &firstry, int &_Ntable3, Particle<3> *&_p,
                              ^~~~~~~
enteric.cpp:539:44: warning: unused parameter '_Ntable3' [-Wunused-parameter]
 void readICs_iccing( string &firstry, int &_Ntable3, Particle<3> *&_p,
                                            ^~~~~~~~
enteric.cpp:539:68: warning: unused parameter '_p' [-Wunused-parameter]
 void readICs_iccing( string &firstry, int &_Ntable3, Particle<3> *&_p,
                                                                    ^~
enteric.cpp:540:14: warning: unused parameter 'factor' [-Wunused-parameter]
       double factor, double const & efcheck, int & numpart, eos EOS)
              ^~~~~~
enteric.cpp:540:37: warning: unused parameter 'efcheck' [-Wunused-parameter]
       double factor, double const & efcheck, int & numpart, eos EOS)
                                     ^~~~~~~
enteric.cpp:540:52: warning: unused parameter 'numpart' [-Wunused-parameter]
       double factor, double const & efcheck, int & numpart, eos EOS)
                                                    ^~~~~~~
enteric.cpp:540:65: warning: unused parameter 'EOS' [-Wunused-parameter]
       double factor, double const & efcheck, int & numpart, eos EOS)
                                                                 ^~~
enteric.cpp: In function 'void readICs_gebe(std::__cxx11::string&, int&, Particle<2>*&, double, const double&, int&)':
enteric.cpp:546:75: warning: unused parameter 'factor' [-Wunused-parameter]
 void readICs_gebe(string &firstry,  int &_Ntable3,Particle<2> *&_p,double factor,double const& efcheck, int & numpart)
                                                                           ^~~~~~
enteric.cpp: In function 'double readICs_gl(std::__cxx11::string&, int&, Particle<3>*&, double, const double&, int&)':
enteric.cpp:1100:27: warning: unused parameter 'firstry' [-Wunused-parameter]
 double readICs_gl(string &firstry,  int &_Ntable3,Particle<3> *&_p,double factor,double const& efcheck, int & numpart){
                           ^~~~~~~
enteric.cpp:1100:42: warning: unused parameter '_Ntable3' [-Wunused-parameter]
 double readICs_gl(string &firstry,  int &_Ntable3,Particle<3> *&_p,double factor,double const& efcheck, int & numpart){
                                          ^~~~~~~~
enteric.cpp:1100:65: warning: unused parameter '_p' [-Wunused-parameter]
 double readICs_gl(string &firstry,  int &_Ntable3,Particle<3> *&_p,double factor,double const& efcheck, int & numpart){
                                                                 ^~
enteric.cpp:1100:96: warning: unused parameter 'efcheck' [-Wunused-parameter]
 double readICs_gl(string &firstry,  int &_Ntable3,Particle<3> *&_p,double factor,double const& efcheck, int & numpart){
                                                                                                ^~~~~~~
enteric.cpp:1100:111: warning: unused parameter 'numpart' [-Wunused-parameter]
 double readICs_gl(string &firstry,  int &_Ntable3,Particle<3> *&_p,double factor,double const& efcheck, int & numpart){
                                                                                                               ^~~~~~~
enteric.cpp: In function 'void readICs_glno(std::__cxx11::string&, int&, Particle<3>*&, double, const double&, int&)':
enteric.cpp:1105:27: warning: unused parameter 'firstry' [-Wunused-parameter]
 void readICs_glno(string &firstry,  int &_Ntable3,Particle<3> *&_p,double factor,double const& efcheck, int & numpart){
                           ^~~~~~~
enteric.cpp:1105:42: warning: unused parameter '_Ntable3' [-Wunused-parameter]
 void readICs_glno(string &firstry,  int &_Ntable3,Particle<3> *&_p,double factor,double const& efcheck, int & numpart){
                                          ^~~~~~~~
enteric.cpp:1105:65: warning: unused parameter '_p' [-Wunused-parameter]
 void readICs_glno(string &firstry,  int &_Ntable3,Particle<3> *&_p,double factor,double const& efcheck, int & numpart){
                                                                 ^~
enteric.cpp:1105:75: warning: unused parameter 'factor' [-Wunused-parameter]
 void readICs_glno(string &firstry,  int &_Ntable3,Particle<3> *&_p,double factor,double const& efcheck, int & numpart){
                                                                           ^~~~~~
enteric.cpp:1105:96: warning: unused parameter 'efcheck' [-Wunused-parameter]
 void readICs_glno(string &firstry,  int &_Ntable3,Particle<3> *&_p,double factor,double const& efcheck, int & numpart){
                                                                                                ^~~~~~~
enteric.cpp:1105:111: warning: unused parameter 'numpart' [-Wunused-parameter]
 void readICs_glno(string &firstry,  int &_Ntable3,Particle<3> *&_p,double factor,double const& efcheck, int & numpart){
                                                                                                               ^~~~~~~
enteric.cpp: In function 'void readICs_gebe(std::__cxx11::string&, int&, Particle<3>*&, double, const double&, int&)':
enteric.cpp:1108:27: warning: unused parameter 'firstry' [-Wunused-parameter]
 void readICs_gebe(string &firstry,  int &_Ntable3,Particle<3> *&_p,double factor,double const& efcheck, int & numpart)
                           ^~~~~~~
enteric.cpp:1108:42: warning: unused parameter '_Ntable3' [-Wunused-parameter]
 void readICs_gebe(string &firstry,  int &_Ntable3,Particle<3> *&_p,double factor,double const& efcheck, int & numpart)
                                          ^~~~~~~~
enteric.cpp:1108:65: warning: unused parameter '_p' [-Wunused-parameter]
 void readICs_gebe(string &firstry,  int &_Ntable3,Particle<3> *&_p,double factor,double const& efcheck, int & numpart)
                                                                 ^~
enteric.cpp:1108:75: warning: unused parameter 'factor' [-Wunused-parameter]
 void readICs_gebe(string &firstry,  int &_Ntable3,Particle<3> *&_p,double factor,double const& efcheck, int & numpart)
                                                                           ^~~~~~
enteric.cpp:1108:96: warning: unused parameter 'efcheck' [-Wunused-parameter]
 void readICs_gebe(string &firstry,  int &_Ntable3,Particle<3> *&_p,double factor,double const& efcheck, int & numpart)
                                                                                                ^~~~~~~
enteric.cpp:1108:111: warning: unused parameter 'numpart' [-Wunused-parameter]
 void readICs_gebe(string &firstry,  int &_Ntable3,Particle<3> *&_p,double factor,double const& efcheck, int & numpart)
                                                                                                               ^~~~~~~
enteric.cpp: In function 'void readICs_nebe(std::__cxx11::string&, int&, Particle<3>*&, double, const double&, int&)':
enteric.cpp:1112:27: warning: unused parameter 'firstry' [-Wunused-parameter]
 void readICs_nebe(string &firstry,  int &_Ntable3,Particle<3> *&_p,double factor,double const& efcheck, int & numpart)
                           ^~~~~~~
enteric.cpp:1112:42: warning: unused parameter '_Ntable3' [-Wunused-parameter]
 void readICs_nebe(string &firstry,  int &_Ntable3,Particle<3> *&_p,double factor,double const& efcheck, int & numpart)
                                          ^~~~~~~~
enteric.cpp:1112:65: warning: unused parameter '_p' [-Wunused-parameter]
 void readICs_nebe(string &firstry,  int &_Ntable3,Particle<3> *&_p,double factor,double const& efcheck, int & numpart)
                                                                 ^~
enteric.cpp:1112:75: warning: unused parameter 'factor' [-Wunused-parameter]
 void readICs_nebe(string &firstry,  int &_Ntable3,Particle<3> *&_p,double factor,double const& efcheck, int & numpart)
                                                                           ^~~~~~
enteric.cpp:1112:96: warning: unused parameter 'efcheck' [-Wunused-parameter]
 void readICs_nebe(string &firstry,  int &_Ntable3,Particle<3> *&_p,double factor,double const& efcheck, int & numpart)
                                                                                                ^~~~~~~
enteric.cpp:1112:111: warning: unused parameter 'numpart' [-Wunused-parameter]
 void readICs_nebe(string &firstry,  int &_Ntable3,Particle<3> *&_p,double factor,double const& efcheck, int & numpart)
                                                                                                               ^~~~~~~
enteric.cpp: In function 'void readICs_tnt(std::__cxx11::string&, int&, Particle<3>*&, double, const double&, int&, eos)':
enteric.cpp:1116:26: warning: unused parameter 'firstry' [-Wunused-parameter]
 void readICs_tnt(string &firstry,  int &_Ntable3,Particle<3> *&_p,double factor,double const& efcheck, int & numpart, eos EOS){
                          ^~~~~~~
enteric.cpp:1116:41: warning: unused parameter '_Ntable3' [-Wunused-parameter]
 void readICs_tnt(string &firstry,  int &_Ntable3,Particle<3> *&_p,double factor,double const& efcheck, int & numpart, eos EOS){
                                         ^~~~~~~~
enteric.cpp:1116:64: warning: unused parameter '_p' [-Wunused-parameter]
 void readICs_tnt(string &firstry,  int &_Ntable3,Particle<3> *&_p,double factor,double const& efcheck, int & numpart, eos EOS){
                                                                ^~
enteric.cpp:1116:74: warning: unused parameter 'factor' [-Wunused-parameter]
 void readICs_tnt(string &firstry,  int &_Ntable3,Particle<3> *&_p,double factor,double const& efcheck, int & numpart, eos EOS){
                                                                          ^~~~~~
enteric.cpp:1116:95: warning: unused parameter 'efcheck' [-Wunused-parameter]
 void readICs_tnt(string &firstry,  int &_Ntable3,Particle<3> *&_p,double factor,double const& efcheck, int & numpart, eos EOS){
                                                                                               ^~~~~~~
enteric.cpp:1116:110: warning: unused parameter 'numpart' [-Wunused-parameter]
 void readICs_tnt(string &firstry,  int &_Ntable3,Particle<3> *&_p,double factor,double const& efcheck, int & numpart, eos EOS){
                                                                                                              ^~~~~~~
enteric.cpp:1116:123: warning: unused parameter 'EOS' [-Wunused-parameter]
 void readICs_tnt(string &firstry,  int &_Ntable3,Particle<3> *&_p,double factor,double const& efcheck, int & numpart, eos EOS){
                                                                                                                           ^~~
enteric.cpp: In function 'void readICs_gen(std::__cxx11::string&, std::__cxx11::string&, int&, Particle<3>*&, const double&, int&)':
enteric.cpp:1163:102: warning: unused parameter 'efcheck' [-Wunused-parameter]
 void readICs_gen(string &firstry,  string &firstry2, int &_Ntable3, Particle< 3 > *&_p,double const& efcheck, int & numpart)
                                                                                                      ^~~~~~~
enteric.cpp:1163:117: warning: unused parameter 'numpart' [-Wunused-parameter]
 void readICs_gen(string &firstry,  string &firstry2, int &_Ntable3, Particle< 3 > *&_p,double const& efcheck, int & numpart)
                                                                                                                     ^~~~~~~
enteric.cpp: In function 'void readICs_gen(std::__cxx11::string&, int&, Particle<3>*&, const double&, int&)':
enteric.cpp:1218:82: warning: unused parameter 'efcheck' [-Wunused-parameter]
 void readICs_gen(string &firstry,  int &_Ntable3, Particle<3> *&_p,double const& efcheck, int & numpart)
                                                                                  ^~~~~~~
enteric.cpp:1218:97: warning: unused parameter 'numpart' [-Wunused-parameter]
 void readICs_gen(string &firstry,  int &_Ntable3, Particle<3> *&_p,double const& efcheck, int & numpart)
                                                                                                 ^~~~~~~
enteric.cpp: In function 'void readICs_genUU(std::__cxx11::string&, int&, Particle<3>*&, const double&, int&)':
enteric.cpp:1256:83: warning: unused parameter 'efcheck' [-Wunused-parameter]
 void readICs_genUU(string &firstry,  int &_Ntable3,Particle<3> *&_p,double const& efcheck, int & numpart)
                                                                                   ^~~~~~~
enteric.cpp:1256:98: warning: unused parameter 'numpart' [-Wunused-parameter]
 void readICs_genUU(string &firstry,  int &_Ntable3,Particle<3> *&_p,double const& efcheck, int & numpart)
                                                                                                  ^~~~~~~
enteric.cpp: In function 'void readICs_ebe(std::__cxx11::string&, int&, Particle<3>*&, double, const double&, int&)':
enteric.cpp:1349:74: warning: unused parameter 'factor' [-Wunused-parameter]
 void readICs_ebe(string &firstry,  int &_Ntable3,Particle<3> *&_p,double factor, double const& efcheck, int & numpart)
                                                                          ^~~~~~
enteric.cpp:1349:96: warning: unused parameter 'efcheck' [-Wunused-parameter]
 void readICs_ebe(string &firstry,  int &_Ntable3,Particle<3> *&_p,double factor, double const& efcheck, int & numpart)
                                                                                                ^~~~~~~
enteric.cpp:1349:111: warning: unused parameter 'numpart' [-Wunused-parameter]
 void readICs_ebe(string &firstry,  int &_Ntable3,Particle<3> *&_p,double factor, double const& efcheck, int & numpart)
                                                                                                               ^~~~~~~
g++ -g main.o vector.o hydrosim.o newspline.o random.o eos.o matrix.o enteric.o -o vusphydro -lm -lgsl -lblas -lm -lstdc++ -L/projects/jnorhos/BSQ/splinter/build -lsplinter-3-0 -g -std=c++11
